GROUP,PACKAGE,CLASS,INSTRUCTION_MISSED,INSTRUCTION_COVERED,BRANCH_MISSED,BRANCH_COVERED,LINE_MISSED,LINE_COVERED,COMPLEXITY_MISSED,COMPLEXITY_COVERED,METHOD_MISSED,METHOD_COVERED
Media Handler,io.wcm.handler.mediasource.dam.impl.dynamicmedia,NamedDimension,24,17,0,0,6,5,2,3,2,3
Media Handler,io.wcm.handler.mediasource.dam.impl.dynamicmedia,ImageProfileImpl,0,90,1,7,0,20,1,6,0,3
Media Handler,io.wcm.handler.mediasource.dam.impl.dynamicmedia,DynamicMediaSupportServiceImpl,19,184,4,28,8,42,4,23,0,11
Media Handler,io.wcm.handler.mediasource.dam.impl.dynamicmedia,DynamicMediaPath,14,290,1,23,3,58,1,22,0,11
Media Handler,io.wcm.handler.media.markup,AbstractImageMediaMarkupBuilder,3,113,1,16,1,25,2,12,1,4
Media Handler,io.wcm.handler.media.markup,DummyResponsiveImageMediaMarkupBuilder,27,172,7,17,5,39,7,14,1,8
Media Handler,io.wcm.handler.media.markup,ResponsiveImageMediaMarkupBuilder,7,154,2,18,2,39,2,17,0,9
Media Handler,io.wcm.handler.media.markup,SimpleImageMediaMarkupBuilder,50,551,19,87,12,134,16,52,1,14
Media Handler,io.wcm.handler.media.markup,DragDropSupport,0,34,0,0,0,4,0,1,0,1
Media Handler,io.wcm.handler.media.markup,IPERatioCustomize,0,34,0,0,0,4,0,1,0,1
Media Handler,io.wcm.handler.media.markup,MediaMarkupBuilderUtil,116,205,30,38,28,50,26,15,1,4
Media Handler,io.wcm.handler.media.markup,DummyImageMediaMarkupBuilder,18,90,5,15,2,22,4,10,0,4
Media Handler,io.wcm.handler.media.format.impl,MediaFormatSupport.new MediaFormatVisitor() {...},0,22,1,3,0,4,1,3,0,2
Media Handler,io.wcm.handler.media.format.impl,MediaFormatSupport,37,63,9,9,7,15,6,5,0,2
Media Handler,io.wcm.handler.media.format.impl,MediaFormatHandlerImpl,29,485,18,104,6,93,18,58,1,14
Media Handler,io.wcm.handler.media.format.impl,DefaultMediaFormatListProvider,8,127,2,6,3,28,2,5,0,3
Media Handler,io.wcm.handler.media.format.impl,MediaFormatProviderManagerImpl,7,107,0,2,2,22,0,8,0,7
Media Handler,io.wcm.handler.media.impl.ipeconfig,AspectRatioResource,14,86,2,6,5,23,5,8,3,6
Media Handler,io.wcm.handler.media.impl.ipeconfig,IPEConfigResourceProvider,48,272,18,26,12,59,17,14,0,9
Media Handler,io.wcm.handler.media.impl.ipeconfig,CroppingRatios,5,154,5,23,0,35,4,19,0,9
Media Handler,io.wcm.handler.media.impl.ipeconfig,PathParser,0,101,1,9,0,26,1,14,0,10
Media Handler,io.wcm.handler.media.impl.ipeconfig,OverlayResource,19,38,2,0,5,13,4,6,3,6
Media Handler,io.wcm.handler.media,MediaComponentPropertyResolver,16,379,6,50,6,84,7,37,1,15
Media Handler,io.wcm.handler.media,MediaArgs,225,746,47,67,34,199,45,94,3,79
Media Handler,io.wcm.handler.media,MediaArgs.ImageSizes,42,45,4,0,9,13,5,7,3,7
Media Handler,io.wcm.handler.media,MediaFileType,0,265,0,2,0,40,0,23,0,22
Media Handler,io.wcm.handler.media,MediaArgs.MediaFormatOption,57,39,8,0,13,14,8,6,4,6
Media Handler,io.wcm.handler.media,MediaRequest,54,122,4,10,9,31,8,13,4,10
Media Handler,io.wcm.handler.media,MediaArgs.PictureSource,89,71,8,0,23,23,9,15,5,15
Media Handler,io.wcm.handler.media,CropDimension,5,249,1,13,1,39,2,19,1,13
Media Handler,io.wcm.handler.media,Media,37,197,8,20,6,60,8,30,0,24
Media Handler,io.wcm.handler.media,MediaInvalidReason,0,64,0,0,0,7,0,1,0,1
Media Handler,io.wcm.handler.media,Rendition,2,18,2,2,1,4,2,1,0,1
Media Handler,io.wcm.handler.media,MediaRequest.MediaPropertyNames,4,35,0,0,1,13,1,9,1,9
Media Handler,io.wcm.handler.media,MediaArgs.WidthOption,25,21,2,0,6,7,3,4,2,4
Media Handler,io.wcm.handler.media,Dimension,5,36,0,0,1,11,1,5,1,5
Media Handler,io.wcm.handler.media,UriTemplateType,0,34,0,0,0,4,0,1,0,1
Media Handler,io.wcm.handler.media.impl,DummyImageServlet,0,181,1,5,0,24,1,6,0,4
Media Handler,io.wcm.handler.media.impl,MediaFileServlet,0,3,0,0,0,1,0,1,0,1
Media Handler,io.wcm.handler.media.impl,MediaHandlerImpl,84,368,14,42,11,90,15,28,1,14
Media Handler,io.wcm.handler.media.impl,MediaFormatValidateServlet,18,159,4,10,7,36,4,7,0,4
Media Handler,io.wcm.handler.media.impl,ResourceLayerUtil,25,9,5,1,8,3,3,1,0,1
Media Handler,io.wcm.handler.media.impl,AbstractMediaFileServlet,3,130,3,13,2,36,3,12,0,7
Media Handler,io.wcm.handler.media.impl,ImageFileServlet,2,288,4,46,1,73,4,27,0,6
Media Handler,io.wcm.handler.media.impl,AssetRenditionContentDispositionFilter,8,96,7,11,3,23,8,8,2,5
Media Handler,io.wcm.handler.media.impl,MediaHandlerConfigAdapterFactory,2,13,1,1,1,3,1,2,0,2
Media Handler,io.wcm.handler.media.impl,DefaultMediaHandlerConfig,0,3,0,0,0,1,0,1,0,1
Media Handler,io.wcm.handler.media.impl,ImageTransformation,0,151,0,34,0,28,0,23,0,6
Media Handler,io.wcm.handler.media.impl,MediaBuilderImpl,111,406,4,12,27,99,15,41,11,37
Media Handler,io.wcm.handler.media.impl,MediaFormatResolver,2,337,5,47,1,81,5,31,0,10
Media Handler,io.wcm.handler.media.impl,WidthUtils,0,57,0,8,0,15,0,8,0,4
Media Handler,io.wcm.handler.media.impl,InlineImageAuthorPreviewServlet,0,14,0,0,0,3,0,2,0,2
Media Handler,io.wcm.handler.media.impl,JcrBinary,0,47,0,10,0,11,0,10,0,5
Media Handler,io.wcm.handler.mediasource.dam.impl,DamRendition,101,272,24,42,23,65,25,29,6,15
Media Handler,io.wcm.handler.mediasource.dam.impl,DamRenditionMetadataService,3,0,0,0,1,0,1,0,1,0
Media Handler,io.wcm.handler.mediasource.dam.impl,RenditionMetadata,51,497,11,89,9,109,11,64,2,23
Media Handler,io.wcm.handler.mediasource.dam.impl,VirtualTransformedRenditionMetadata,50,195,9,11,9,44,9,15,2,12
Media Handler,io.wcm.handler.mediasource.dam.impl,DamAutoCropping,2,75,4,4,1,20,4,5,0,5
Media Handler,io.wcm.handler.mediasource.dam.impl,DamUriTemplate,30,207,8,14,3,39,8,12,1,6
Media Handler,io.wcm.handler.mediasource.dam.impl,TransformedRenditionHandler,7,220,7,21,2,41,7,14,0,7
Media Handler,io.wcm.handler.mediasource.dam.impl,DamContext,0,109,0,12,0,30,0,18,0,12
Media Handler,io.wcm.handler.mediasource.dam.impl,VirtualRenditionMetadata,41,143,4,12,9,31,7,13,3,9
Media Handler,io.wcm.handler.mediasource.dam.impl,DefaultRenditionHandler.new MediaFormatVisitor() {...},0,50,0,2,0,10,0,3,0,2
Media Handler,io.wcm.handler.mediasource.dam.impl,DefaultRenditionHandler.new MediaFormatVisitor() {...},0,53,0,4,0,12,0,4,0,2
Media Handler,io.wcm.handler.mediasource.dam.impl,DefaultRenditionHandler.new MediaFormatVisitor() {...},2,53,4,12,1,10,4,6,0,2
Media Handler,io.wcm.handler.mediasource.dam.impl,DefaultRenditionHandler,36,572,16,102,5,116,16,59,0,16
Media Handler,io.wcm.handler.mediasource.dam.impl,DamAsset,100,165,22,14,23,36,19,15,5,11
Media Handler,io.wcm.handler.mediasource.dam.impl,DamContext.new ImageProfile() {...},2,3,0,0,1,1,1,1,1,1
Media Handler,io.wcm.handler.media.ui,MediaPlaceholder,9,149,4,14,3,30,4,14,0,9
Media Handler,io.wcm.handler.media.ui,ImageUtils,78,93,12,10,12,21,16,7,7,5
Media Handler,io.wcm.handler.media.ui,ResourceMedia,6,207,5,23,1,48,6,24,1,15
Media Handler,io.wcm.handler.mediasource.inline,InlineUriTemplate,18,134,3,5,3,31,4,8,1,6
Media Handler,io.wcm.handler.mediasource.inline,InlineAsset,44,133,10,12,11,31,14,12,5,10
Media Handler,io.wcm.handler.mediasource.inline,InlineMediaSource,28,282,11,39,11,66,16,21,5,7
Media Handler,io.wcm.handler.mediasource.inline,InlineRendition,84,949,34,154,17,197,34,93,2,31
Media Handler,io.wcm.handler.mediasource.inline,InlineAutoCropping,2,56,3,3,1,14,3,3,0,3
Media Handler,io.wcm.handler.mediasource.dam.markup,DamVideoMediaMarkupBuilder,237,163,15,13,53,38,13,16,4,11
Media Handler,io.wcm.handler.media.imagemap.impl,ImageMapAreaImpl,10,58,0,0,3,16,3,8,3,8
Media Handler,io.wcm.handler.media.imagemap.impl,ImageMapParserImpl,12,167,8,20,3,34,8,8,0,2
Media Handler,io.wcm.handler.media.spi,MediaFormatProvider,15,53,1,3,2,13,1,5,0,4
Media Handler,io.wcm.handler.media.spi,ImageMapLinkResolver,4,0,0,0,2,0,2,0,2,0
Media Handler,io.wcm.handler.media.spi,MediaSource,28,554,9,75,9,132,14,56,5,23
Media Handler,io.wcm.handler.media.spi,MediaHandlerConfig,6,103,2,22,3,39,3,28,1,18
Media Handler,io.wcm.handler.mediasource.dam.impl.metadata,RenditionMetadataWorkflowProcess,16,105,3,7,5,27,3,7,0,5
Media Handler,io.wcm.handler.mediasource.dam.impl.metadata,RenditionMetadataListenerService.RenditionMetadataEvent,73,109,6,6,11,30,5,6,1,4
Media Handler,io.wcm.handler.mediasource.dam.impl.metadata,AssetSynchonizationService,0,27,0,0,0,7,0,5,0,5
Media Handler,io.wcm.handler.mediasource.dam.impl.metadata,RenditionMetadataListenerService,43,122,5,23,8,31,5,15,0,6
Media Handler,io.wcm.handler.mediasource.dam.impl.metadata,WorkflowProcessUtil,6,111,1,13,2,25,1,10,0,4
Media Handler,io.wcm.handler.mediasource.dam.impl.metadata,RenditionMetadataGenerator,59,463,7,41,17,100,7,26,0,9
Media Handler,io.wcm.handler.mediasource.dam.impl.metadata,AssetSynchonizationService.LockWithLogging,16,27,0,0,4,10,4,3,4,3
Media Handler,io.wcm.handler.mediasource.dam,AssetRendition,7,261,1,23,2,55,1,23,0,12
Media Handler,io.wcm.handler.mediasource.dam,DamMediaSource,48,366,14,32,10,82,17,20,3,11
Media Handler,io.wcm.handler.media.format,ResponsiveMediaFormatsBuilder,0,72,0,0,0,14,0,4,0,4
Media Handler,io.wcm.handler.media.format,MediaFormatBuilder,16,280,9,19,3,70,9,33,0,28
Media Handler,io.wcm.handler.media.format,MediaFormatCombinedTitleComparator,9,0,0,0,2,0,2,0,2,0
Media Handler,io.wcm.handler.media.format,MediaFormat,30,828,13,121,5,170,15,95,2,41
Media Handler,io.wcm.handler.media.format,MediaFormatRankingComparator,0,23,0,2,0,6,0,3,0,2
Media Handler,io.wcm.handler.media.format,MediaFormatSizeRankingComparator,0,56,0,6,0,13,0,6,0,3
Media Handler,io.wcm.handler.media.format,Ratio,0,58,0,12,0,11,0,11,0,5
