GROUP,PACKAGE,CLASS,INSTRUCTION_MISSED,INSTRUCTION_COVERED,BRANCH_MISSED,BRANCH_COVERED,LINE_MISSED,LINE_COVERED,COMPLEXITY_MISSED,COMPLEXITY_COVERED,METHOD_MISSED,METHOD_COVERED
Media Handler,io.wcm.handler.mediasource.dam.impl.dynamicmedia,NamedDimension,24,17,0,0,6,5,2,3,2,3
Media Handler,io.wcm.handler.mediasource.dam.impl.dynamicmedia,DynamicMediaCapabilityDetection,0,34,0,0,0,4,0,1,0,1
Media Handler,io.wcm.handler.mediasource.dam.impl.dynamicmedia,ImageProfileImpl,0,90,1,7,0,20,1,6,0,3
Media Handler,io.wcm.handler.mediasource.dam.impl.dynamicmedia,DynamicMediaSupportServiceImpl,24,256,6,31,9,59,6,26,0,13
Media Handler,io.wcm.handler.mediasource.dam.impl.dynamicmedia,DynamicMediaPath,14,258,1,21,3,54,1,18,0,8
Media Handler,io.wcm.handler.mediasource.dam.impl.dynamicmedia,SmartCrop,1,308,6,32,0,52,6,24,0,11
Media Handler,io.wcm.handler.media.markup,AbstractImageMediaMarkupBuilder,3,113,1,16,1,25,2,12,1,4
Media Handler,io.wcm.handler.media.markup,DummyResponsiveImageMediaMarkupBuilder,27,172,7,17,5,39,7,14,1,8
Media Handler,io.wcm.handler.media.markup,ResponsiveImageMediaMarkupBuilder,7,154,2,18,2,39,2,17,0,9
Media Handler,io.wcm.handler.media.markup,SimpleImageMediaMarkupBuilder,50,536,21,85,12,134,18,49,1,13
Media Handler,io.wcm.handler.media.markup,DragDropSupport,0,34,0,0,0,4,0,1,0,1
Media Handler,io.wcm.handler.media.markup,IPERatioCustomize,0,34,0,0,0,4,0,1,0,1
Media Handler,io.wcm.handler.media.markup,MediaMarkupBuilderUtil,95,217,26,42,24,56,22,21,1,6
Media Handler,io.wcm.handler.media.markup,DummyImageMediaMarkupBuilder,18,90,5,15,2,22,4,10,0,4
Media Handler,io.wcm.handler.media.format.impl,MediaFormatSupport.new MediaFormatVisitor() {...},0,22,1,3,0,4,1,3,0,2
Media Handler,io.wcm.handler.media.format.impl,MediaFormatSupport,37,63,9,9,7,15,6,5,0,2
Media Handler,io.wcm.handler.media.format.impl,DefaultMediaFormatListProvider.MediaFormatItem,0,39,0,0,0,13,0,13,0,13
Media Handler,io.wcm.handler.media.format.impl,MediaFormatHandlerImpl,29,485,18,104,6,93,18,58,1,14
Media Handler,io.wcm.handler.media.format.impl,DefaultMediaFormatListProvider,2,105,2,6,1,27,2,5,0,3
Media Handler,io.wcm.handler.media.format.impl,MediaFormatProviderManagerImpl,0,103,0,2,0,22,0,7,0,6
Media Handler,io.wcm.handler.media.impl.ipeconfig,AspectRatioResource,14,74,2,6,5,23,5,8,3,6
Media Handler,io.wcm.handler.media.impl.ipeconfig,IPEConfigResourceProvider,40,236,18,26,12,59,17,14,0,9
Media Handler,io.wcm.handler.media.impl.ipeconfig,CroppingRatios,5,154,5,23,0,35,4,19,0,9
Media Handler,io.wcm.handler.media.impl.ipeconfig,PathParser,0,101,1,9,0,26,1,14,0,10
Media Handler,io.wcm.handler.media.impl.ipeconfig,OverlayResource,19,38,2,0,5,13,4,6,3,6
Media Handler,io.wcm.handler.media,MediaComponentPropertyResolver,23,398,7,53,7,90,8,37,1,14
Media Handler,io.wcm.handler.media,MediaArgs,209,732,47,67,34,198,45,92,3,77
Media Handler,io.wcm.handler.media,MediaArgs.ImageSizes,42,45,4,0,9,13,5,7,3,7
Media Handler,io.wcm.handler.media,MediaFileType,0,263,0,2,0,39,0,23,0,22
Media Handler,io.wcm.handler.media,MediaArgs.MediaFormatOption,57,39,8,0,13,14,8,6,4,6
Media Handler,io.wcm.handler.media,MediaRequest,46,122,4,10,9,31,8,13,4,10
Media Handler,io.wcm.handler.media,MediaArgs.PictureSource,89,71,8,0,23,23,9,15,5,15
Media Handler,io.wcm.handler.media,Media,37,226,9,23,6,70,9,34,0,27
Media Handler,io.wcm.handler.media,CropDimension,5,199,1,13,1,39,2,19,1,13
Media Handler,io.wcm.handler.media,MediaInvalidReason,0,74,0,0,0,8,0,1,0,1
Media Handler,io.wcm.handler.media,MediaComponentPropertyResolver.ValueMapPropertyAccessor,6,12,0,0,1,4,1,2,1,2
Media Handler,io.wcm.handler.media,Rendition,2,18,2,2,1,4,2,1,0,1
Media Handler,io.wcm.handler.media,MediaComponentPropertyResolver.ComponentPropertyResolverPropertyAccessor,0,18,0,0,0,5,0,3,0,3
Media Handler,io.wcm.handler.media,MediaRequest.MediaPropertyNames,4,35,0,0,1,13,1,9,1,9
Media Handler,io.wcm.handler.media,MediaArgs.WidthOption,25,21,2,0,6,7,3,4,2,4
Media Handler,io.wcm.handler.media,Dimension,5,36,0,0,1,11,1,5,1,5
Media Handler,io.wcm.handler.media,UriTemplateType,0,34,0,0,0,4,0,1,0,1
Media Handler,io.wcm.handler.media.impl,DummyImageServlet,0,167,1,5,0,24,1,6,0,4
Media Handler,io.wcm.handler.media.impl,MediaFileServlet,0,3,0,0,0,1,0,1,0,1
Media Handler,io.wcm.handler.media.impl,MediaHandlerImpl,57,385,14,44,11,95,15,30,1,15
Media Handler,io.wcm.handler.media.impl,MediaFormatValidateServlet,12,160,4,12,5,37,4,9,0,5
Media Handler,io.wcm.handler.media.impl,ResourceLayerUtil,25,9,5,1,8,3,3,1,0,1
Media Handler,io.wcm.handler.media.impl,AbstractMediaFileServlet,3,130,3,13,2,36,3,12,0,7
Media Handler,io.wcm.handler.media.impl,ImageFileServlet,2,287,4,48,1,75,4,28,0,6
Media Handler,io.wcm.handler.media.impl,AssetRenditionContentDispositionFilter,8,96,7,11,3,23,8,8,2,5
Media Handler,io.wcm.handler.media.impl,MediaHandlerConfigAdapterFactory,2,13,1,1,1,3,1,2,0,2
Media Handler,io.wcm.handler.media.impl,DefaultMediaHandlerConfig,0,3,0,0,0,1,0,1,0,1
Media Handler,io.wcm.handler.media.impl,MediaFormatValidateServlet.ResultResponse,0,12,0,0,0,4,0,4,0,4
Media Handler,io.wcm.handler.media.impl,ImageTransformation,0,151,0,34,0,28,0,23,0,6
Media Handler,io.wcm.handler.media.impl,MediaBuilderImpl,111,404,4,12,27,99,15,41,11,37
Media Handler,io.wcm.handler.media.impl,MediaFormatResolver,2,330,5,47,1,81,5,31,0,10
Media Handler,io.wcm.handler.media.impl,WidthUtils,0,57,0,8,0,15,0,8,0,4
Media Handler,io.wcm.handler.media.impl,InlineImageAuthorPreviewServlet,0,14,0,0,0,3,0,2,0,2
Media Handler,io.wcm.handler.media.impl,JcrBinary,0,47,0,10,0,11,0,10,0,5
Media Handler,io.wcm.handler.mediasource.dam.impl.metadata.concurrency,NamedThreadFactory,0,25,0,0,0,7,0,2,0,2
Media Handler,io.wcm.handler.mediasource.dam.impl.metadata.concurrency,StripeIndex,0,80,0,6,0,14,0,9,0,6
Media Handler,io.wcm.handler.mediasource.dam.impl.metadata.concurrency,StripedLazyWeakLock,0,29,0,0,0,5,0,3,0,3
Media Handler,io.wcm.handler.mediasource.dam.impl,DamRendition,117,292,27,43,27,75,28,30,6,17
Media Handler,io.wcm.handler.mediasource.dam.impl,DamRenditionMetadataService,3,0,0,0,1,0,1,0,1,0
Media Handler,io.wcm.handler.mediasource.dam.impl,RenditionMetadata,76,453,14,90,14,104,15,62,3,22
Media Handler,io.wcm.handler.mediasource.dam.impl,VirtualTransformedRenditionMetadata,91,193,13,13,19,41,14,14,3,12
Media Handler,io.wcm.handler.mediasource.dam.impl,DamAutoCropping,0,101,4,14,0,25,4,9,0,4
Media Handler,io.wcm.handler.mediasource.dam.impl,DamUriTemplate,17,260,8,28,3,64,7,23,0,10
Media Handler,io.wcm.handler.mediasource.dam.impl,TransformedRenditionHandler,1,137,2,14,0,28,2,12,0,6
Media Handler,io.wcm.handler.mediasource.dam.impl,WebEnabledRenditionCropping,6,98,4,6,2,19,4,4,0,3
Media Handler,io.wcm.handler.mediasource.dam.impl,DamContext,10,146,3,19,2,37,3,23,0,15
Media Handler,io.wcm.handler.mediasource.dam.impl,VirtualRenditionMetadata,31,124,4,12,9,32,7,13,3,9
Media Handler,io.wcm.handler.mediasource.dam.impl,DefaultRenditionHandler.new MediaFormatVisitor() {...},0,44,0,2,0,10,0,3,0,2
Media Handler,io.wcm.handler.mediasource.dam.impl,DefaultRenditionHandler.new MediaFormatVisitor() {...},0,43,0,4,0,12,0,4,0,2
Media Handler,io.wcm.handler.mediasource.dam.impl,DefaultRenditionHandler.new MediaFormatVisitor() {...},2,53,4,12,1,10,4,6,0,2
Media Handler,io.wcm.handler.mediasource.dam.impl,DefaultRenditionHandler,40,689,20,126,6,139,21,70,1,17
Media Handler,io.wcm.handler.mediasource.dam.impl,DamAsset,87,176,22,16,23,39,19,17,5,12
Media Handler,io.wcm.handler.mediasource.dam.impl,DamContext.new ImageProfile() {...},2,3,0,0,1,1,1,1,1,1
Media Handler,io.wcm.handler.mediasource.dam.impl,RenditionMetadata.new LazyValue() {...},0,23,0,2,0,5,0,3,0,2
Media Handler,io.wcm.handler.media.ui,MediaPlaceholder,9,134,4,14,3,30,4,14,0,9
Media Handler,io.wcm.handler.media.ui,ImageUtils,78,93,12,10,12,21,16,7,7,5
Media Handler,io.wcm.handler.media.ui,ResourceMedia,6,204,5,23,1,48,6,23,1,14
Media Handler,io.wcm.handler.mediasource.inline,InlineUriTemplate,9,124,3,5,2,31,3,9,0,7
Media Handler,io.wcm.handler.mediasource.inline,InlineAsset,38,140,10,12,11,32,14,12,5,10
Media Handler,io.wcm.handler.mediasource.inline,InlineMediaSource,28,264,11,39,11,66,16,21,5,7
Media Handler,io.wcm.handler.mediasource.inline,InlineRendition,92,944,37,159,20,205,38,94,3,31
Media Handler,io.wcm.handler.mediasource.inline,InlineAutoCropping,2,56,3,3,1,14,3,3,0,3
Media Handler,io.wcm.handler.mediasource.dam.markup,DamVideoMediaMarkupBuilder,231,159,15,13,53,38,13,16,4,11
Media Handler,io.wcm.handler.media.imagemap.impl,ImageMapAreaImpl,10,58,0,0,3,16,3,8,3,8
Media Handler,io.wcm.handler.media.imagemap.impl,ImageMapParserImpl,12,167,8,20,3,34,8,8,0,2
Media Handler,io.wcm.handler.media.spi,MediaFormatProvider,9,53,1,3,2,13,1,5,0,4
Media Handler,io.wcm.handler.media.spi,ImageMapLinkResolver,4,0,0,0,2,0,2,0,2,0
Media Handler,io.wcm.handler.media.spi,MediaSource,28,554,9,75,9,132,14,56,5,23
Media Handler,io.wcm.handler.media.spi,MediaHandlerConfig,6,105,2,22,3,40,3,29,1,19
Media Handler,io.wcm.handler.mediasource.dam.impl.metadata,RenditionMetadataWorkflowProcess,16,105,3,7,5,27,3,7,0,5
Media Handler,io.wcm.handler.mediasource.dam.impl.metadata,AssetSynchonizationService,0,27,0,0,0,7,0,5,0,5
Media Handler,io.wcm.handler.mediasource.dam.impl.metadata,RenditionMetadataListenerService.RenditionMetadataEvent,73,109,6,6,11,30,5,6,1,4
Media Handler,io.wcm.handler.mediasource.dam.impl.metadata,RenditionMetadataListenerService,34,122,5,23,8,31,5,15,0,6
Media Handler,io.wcm.handler.mediasource.dam.impl.metadata,WorkflowProcessUtil,6,103,1,13,2,25,1,10,0,4
Media Handler,io.wcm.handler.mediasource.dam.impl.metadata,RenditionMetadataGenerator,47,421,7,41,17,100,7,26,0,9
Media Handler,io.wcm.handler.mediasource.dam.impl.metadata,AssetSynchonizationService.LockWithLogging,16,27,0,0,4,10,4,3,4,3
Media Handler,io.wcm.handler.mediasource.dam,AssetRendition,7,241,2,24,2,56,2,23,0,12
Media Handler,io.wcm.handler.mediasource.dam,DamMediaSource,45,363,14,32,10,82,16,20,2,11
Media Handler,io.wcm.handler.media.format,ResponsiveMediaFormatsBuilder,0,59,0,0,0,14,0,4,0,4
Media Handler,io.wcm.handler.media.format,MediaFormatBuilder,16,274,9,19,3,70,9,33,0,28
Media Handler,io.wcm.handler.media.format,MediaFormatCombinedTitleComparator,9,0,0,0,2,0,2,0,2,0
Media Handler,io.wcm.handler.media.format,MediaFormat,24,792,13,121,5,170,15,95,2,41
Media Handler,io.wcm.handler.media.format,MediaFormatRankingComparator,0,23,0,2,0,6,0,3,0,2
Media Handler,io.wcm.handler.media.format,MediaFormatSizeRankingComparator,0,56,0,6,0,13,0,6,0,3
Media Handler,io.wcm.handler.media.format,Ratio,0,58,0,12,0,11,0,11,0,5
