<?xml version="1.0" encoding="UTF-8" standalone="yes"?><!DOCTYPE report PUBLIC "-//JACOCO//DTD Report 1.1//EN" "report.dtd"><report name="AEM Mocks JUnit 4"><sessioninfo id="fv-az119-485-69aec62" start="1642177099840" dump="1642177110954"/><package name="io/wcm/testing/mock/aem/junit"><class name="io/wcm/testing/mock/aem/junit/AemContextCallback" sourcefilename="AemContextCallback.java"/><class name="io/wcm/testing/mock/aem/junit/AemContext" sourcefilename="AemContext.java"><method name="&lt;init&gt;" desc="([Lorg/apache/sling/testing/mock/sling/ResourceResolverType;)V" line="67"><counter type="INSTRUCTION" missed="8" covered="0"/><counter type="LINE" missed="2" covered="0"/><counter type="COMPLEXITY" missed="1" covered="0"/><counter type="METHOD" missed="1" covered="0"/></method><method name="&lt;init&gt;" desc="(Lorg/apache/sling/testing/mock/osgi/context/ContextCallback;[Lorg/apache/sling/testing/mock/sling/ResourceResolverType;)V" line="88"><counter type="INSTRUCTION" missed="9" covered="0"/><counter type="LINE" missed="2" covered="0"/><counter type="COMPLEXITY" missed="1" covered="0"/><counter type="METHOD" missed="1" covered="0"/></method><method name="&lt;init&gt;" desc="(Lorg/apache/sling/testing/mock/osgi/context/ContextCallback;Lorg/apache/sling/testing/mock/osgi/context/ContextCallback;[Lorg/apache/sling/testing/mock/sling/ResourceResolverType;)V" line="113"><counter type="INSTRUCTION" missed="10" covered="0"/><counter type="LINE" missed="2" covered="0"/><counter type="COMPLEXITY" missed="1" covered="0"/><counter type="METHOD" missed="1" covered="0"/></method><method name="&lt;init&gt;" desc="(Lorg/apache/sling/testing/mock/osgi/context/ContextPlugins;Ljava/util/Map;[Lorg/apache/sling/testing/mock/sling/ResourceResolverType;)V" line="134"><counter type="INSTRUCTION" missed="7" covered="0"/><counter type="LINE" missed="2" covered="0"/><counter type="COMPLEXITY" missed="1" covered="0"/><counter type="METHOD" missed="1" covered="0"/></method><method name="&lt;init&gt;" desc="(Lorg/apache/sling/testing/mock/osgi/context/ContextPlugins;Ljava/util/Map;Z[Lorg/apache/sling/testing/mock/sling/ResourceResolverType;)V" line="157"><counter type="INSTRUCTION" missed="0" covered="71"/><counter type="BRANCH" missed="1" covered="5"/><counter type="LINE" missed="0" covered="15"/><counter type="COMPLEXITY" missed="1" covered="3"/><counter type="METHOD" missed="0" covered="1"/></method><method name="apply" desc="(Lorg/junit/runners/model/Statement;Lorg/junit/runner/Description;)Lorg/junit/runners/model/Statement;" line="219"><counter type="INSTRUCTION" missed="0" covered="6"/><counter type="LINE" missed="0" covered="1"/><counter type="COMPLEXITY" missed="0" covered="1"/><counter type="METHOD" missed="0" covered="1"/></method><counter type="INSTRUCTION" missed="34" covered="77"/><counter type="BRANCH" missed="1" covered="5"/><counter type="LINE" missed="8" covered="16"/><counter type="COMPLEXITY" missed="5" covered="4"/><counter type="METHOD" missed="4" covered="2"/><counter type="CLASS" missed="0" covered="1"/></class><class name="io/wcm/testing/mock/aem/junit/AemContextBuilder" sourcefilename="AemContextBuilder.java"><method name="&lt;init&gt;" desc="()V" line="38"><counter type="INSTRUCTION" missed="0" covered="11"/><counter type="LINE" missed="0" covered="4"/><counter type="COMPLEXITY" missed="0" covered="1"/><counter type="METHOD" missed="0" covered="1"/></method><method name="&lt;init&gt;" desc="([Lorg/apache/sling/testing/mock/sling/ResourceResolverType;)V" line="38"><counter type="INSTRUCTION" missed="0" covered="15"/><counter type="LINE" missed="0" covered="5"/><counter type="COMPLEXITY" missed="0" covered="1"/><counter type="METHOD" missed="0" covered="1"/></method><method name="resourceResolverType" desc="([Lorg/apache/sling/testing/mock/sling/ResourceResolverType;)Lio/wcm/testing/mock/aem/junit/AemContextBuilder;" line="63"><counter type="INSTRUCTION" missed="0" covered="5"/><counter type="LINE" missed="0" covered="2"/><counter type="COMPLEXITY" missed="0" covered="1"/><counter type="METHOD" missed="0" covered="1"/></method><method name="plugin" desc="([Lorg/apache/sling/testing/mock/osgi/context/ContextPlugin;)Lio/wcm/testing/mock/aem/junit/AemContextBuilder;" line="74"><counter type="INSTRUCTION" missed="6" covered="0"/><counter type="LINE" missed="2" covered="0"/><counter type="COMPLEXITY" missed="1" covered="0"/><counter type="METHOD" missed="1" covered="0"/></method><method name="beforeSetUp" desc="([Lorg/apache/sling/testing/mock/osgi/context/ContextCallback;)Lio/wcm/testing/mock/aem/junit/AemContextBuilder;" line="86"><counter type="INSTRUCTION" missed="0" covered="6"/><counter type="LINE" missed="0" covered="2"/><counter type="COMPLEXITY" missed="0" covered="1"/><counter type="METHOD" missed="0" covered="1"/></method><method name="afterSetUp" desc="([Lorg/apache/sling/testing/mock/osgi/context/ContextCallback;)Lio/wcm/testing/mock/aem/junit/AemContextBuilder;" line="98"><counter type="INSTRUCTION" missed="0" covered="6"/><counter type="LINE" missed="0" covered="2"/><counter type="COMPLEXITY" missed="0" covered="1"/><counter type="METHOD" missed="0" covered="1"/></method><method name="beforeTearDown" desc="([Lorg/apache/sling/testing/mock/osgi/context/ContextCallback;)Lio/wcm/testing/mock/aem/junit/AemContextBuilder;" line="110"><counter type="INSTRUCTION" missed="0" covered="6"/><counter type="LINE" missed="0" covered="2"/><counter type="COMPLEXITY" missed="0" covered="1"/><counter type="METHOD" missed="0" covered="1"/></method><method name="afterTearDown" desc="([Lorg/apache/sling/testing/mock/osgi/context/ContextCallback;)Lio/wcm/testing/mock/aem/junit/AemContextBuilder;" line="122"><counter type="INSTRUCTION" missed="0" covered="6"/><counter type="LINE" missed="0" covered="2"/><counter type="COMPLEXITY" missed="0" covered="1"/><counter type="METHOD" missed="0" covered="1"/></method><method name="resourceResolverFactoryActivatorProps" desc="(Ljava/util/Map;)Lio/wcm/testing/mock/aem/junit/AemContextBuilder;" line="132"><counter type="INSTRUCTION" missed="0" covered="5"/><counter type="LINE" missed="0" covered="2"/><counter type="COMPLEXITY" missed="0" covered="1"/><counter type="METHOD" missed="0" covered="1"/></method><method name="registerSlingModelsFromClassPath" desc="(Z)Lio/wcm/testing/mock/aem/junit/AemContextBuilder;" line="142"><counter type="INSTRUCTION" missed="0" covered="5"/><counter type="LINE" missed="0" covered="2"/><counter type="COMPLEXITY" missed="0" covered="1"/><counter type="METHOD" missed="0" covered="1"/></method><method name="build" desc="()Lio/wcm/testing/mock/aem/junit/AemContext;" line="150"><counter type="INSTRUCTION" missed="0" covered="12"/><counter type="LINE" missed="0" covered="1"/><counter type="COMPLEXITY" missed="0" covered="1"/><counter type="METHOD" missed="0" covered="1"/></method><counter type="INSTRUCTION" missed="6" covered="77"/><counter type="LINE" missed="2" covered="22"/><counter type="COMPLEXITY" missed="1" covered="10"/><counter type="METHOD" missed="1" covered="10"/><counter type="CLASS" missed="0" covered="1"/></class><class name="io/wcm/testing/mock/aem/junit/AemContext$1" sourcefilename="AemContext.java"><method name="&lt;init&gt;" desc="(Lio/wcm/testing/mock/aem/junit/AemContext;)V" line="178"><counter type="INSTRUCTION" missed="0" covered="6"/><counter type="LINE" missed="0" covered="1"/><counter type="COMPLEXITY" missed="0" covered="1"/><counter type="METHOD" missed="0" covered="1"/></method><method name="before" desc="()V" line="181"><counter type="INSTRUCTION" missed="0" covered="16"/><counter type="LINE" missed="0" covered="4"/><counter type="COMPLEXITY" missed="0" covered="1"/><counter type="METHOD" missed="0" covered="1"/></method><method name="after" desc="()V" line="187"><counter type="INSTRUCTION" missed="0" covered="16"/><counter type="LINE" missed="0" covered="4"/><counter type="COMPLEXITY" missed="0" covered="1"/><counter type="METHOD" missed="0" covered="1"/></method><counter type="INSTRUCTION" missed="0" covered="38"/><counter type="LINE" missed="0" covered="9"/><counter type="COMPLEXITY" missed="0" covered="3"/><counter type="METHOD" missed="0" covered="3"/><counter type="CLASS" missed="0" covered="1"/></class><class name="io/wcm/testing/mock/aem/junit/AemContext$3" sourcefilename="AemContext.java"><method name="&lt;init&gt;" desc="(Lio/wcm/testing/mock/aem/junit/AemContext;)V" line="204"><counter type="INSTRUCTION" missed="0" covered="6"/><counter type="LINE" missed="0" covered="1"/><counter type="COMPLEXITY" missed="0" covered="1"/><counter type="METHOD" missed="0" covered="1"/></method><method name="execute" desc="(Lorg/apache/sling/testing/mock/sling/ResourceResolverType;)V" line="207"><counter type="INSTRUCTION" missed="0" covered="16"/><counter type="LINE" missed="0" covered="4"/><counter type="COMPLEXITY" missed="0" covered="1"/><counter type="METHOD" missed="0" covered="1"/></method><counter type="INSTRUCTION" missed="0" covered="22"/><counter type="LINE" missed="0" covered="5"/><counter type="COMPLEXITY" missed="0" covered="2"/><counter type="METHOD" missed="0" covered="2"/><counter type="CLASS" missed="0" covered="1"/></class><class name="io/wcm/testing/mock/aem/junit/AemContext$2" sourcefilename="AemContext.java"><method name="&lt;init&gt;" desc="(Lio/wcm/testing/mock/aem/junit/AemContext;)V" line="195"><counter type="INSTRUCTION" missed="0" covered="6"/><counter type="LINE" missed="0" covered="1"/><counter type="COMPLEXITY" missed="0" covered="1"/><counter type="METHOD" missed="0" covered="1"/></method><method name="execute" desc="(Lorg/apache/sling/testing/mock/sling/ResourceResolverType;)V" line="198"><counter type="INSTRUCTION" missed="0" covered="20"/><counter type="LINE" missed="0" covered="5"/><counter type="COMPLEXITY" missed="0" covered="1"/><counter type="METHOD" missed="0" covered="1"/></method><counter type="INSTRUCTION" missed="0" covered="26"/><counter type="LINE" missed="0" covered="6"/><counter type="COMPLEXITY" missed="0" covered="2"/><counter type="METHOD" missed="0" covered="2"/><counter type="CLASS" missed="0" covered="1"/></class><sourcefile name="AemContextCallback.java"/><sourcefile name="AemContextBuilder.java"><line nr="38" mi="0" ci="10" mb="0" cb="0"/><line nr="41" mi="0" ci="6" mb="0" cb="0"/><line nr="46" mi="0" ci="2" mb="0" cb="0"/><line nr="48" mi="0" ci="1" mb="0" cb="0"/><line nr="54" mi="0" ci="2" mb="0" cb="0"/><line nr="55" mi="0" ci="4" mb="0" cb="0"/><line nr="56" mi="0" ci="1" mb="0" cb="0"/><line nr="63" mi="0" ci="3" mb="0" cb="0"/><line nr="64" mi="0" ci="2" mb="0" cb="0"/><line nr="74" mi="4" ci="0" mb="0" cb="0"/><line nr="75" mi="2" ci="0" mb="0" cb="0"/><line nr="86" mi="0" ci="4" mb="0" cb="0"/><line nr="87" mi="0" ci="2" mb="0" cb="0"/><line nr="98" mi="0" ci="4" mb="0" cb="0"/><line nr="99" mi="0" ci="2" mb="0" cb="0"/><line nr="110" mi="0" ci="4" mb="0" cb="0"/><line nr="111" mi="0" ci="2" mb="0" cb="0"/><line nr="122" mi="0" ci="4" mb="0" cb="0"/><line nr="123" mi="0" ci="2" mb="0" cb="0"/><line nr="132" mi="0" ci="3" mb="0" cb="0"/><line nr="133" mi="0" ci="2" mb="0" cb="0"/><line nr="142" mi="0" ci="3" mb="0" cb="0"/><line nr="143" mi="0" ci="2" mb="0" cb="0"/><line nr="150" mi="0" ci="12" mb="0" cb="0"/><counter type="INSTRUCTION" missed="6" covered="77"/><counter type="LINE" missed="2" covered="22"/><counter type="COMPLEXITY" missed="1" covered="10"/><counter type="METHOD" missed="1" covered="10"/><counter type="CLASS" missed="0" covered="1"/></sourcefile><sourcefile name="AemContext.java"><line nr="67" mi="7" ci="0" mb="0" cb="0"/><line nr="68" mi="1" ci="0" mb="0" cb="0"/><line nr="88" mi="8" ci="0" mb="0" cb="0"/><line nr="89" mi="1" ci="0" mb="0" cb="0"/><line nr="113" mi="9" ci="0" mb="0" cb="0"/><line nr="114" mi="1" ci="0" mb="0" cb="0"/><line nr="134" mi="6" ci="0" mb="0" cb="0"/><line nr="135" mi="1" ci="0" mb="0" cb="0"/><line nr="157" mi="0" ci="2" mb="0" cb="0"/><line nr="159" mi="0" ci="3" mb="0" cb="0"/><line nr="162" mi="0" ci="4" mb="0" cb="0"/><line nr="163" mi="0" ci="3" mb="0" cb="0"/><line nr="164" mi="0" ci="3" mb="0" cb="0"/><line nr="166" mi="0" ci="5" mb="1" cb="3"/><line nr="167" mi="0" ci="9" mb="0" cb="0"/><line nr="172" mi="0" ci="3" mb="0" cb="0"/><line nr="175" mi="0" ci="5" mb="0" cb="2"/><line nr="177" mi="0" ci="6" mb="0" cb="0"/><line nr="178" mi="0" ci="13" mb="0" cb="0"/><line nr="181" mi="0" ci="6" mb="0" cb="0"/><line nr="182" mi="0" ci="3" mb="0" cb="0"/><line nr="183" mi="0" ci="6" mb="0" cb="0"/><line nr="184" mi="0" ci="1" mb="0" cb="0"/><line nr="187" mi="0" ci="6" mb="0" cb="0"/><line nr="188" mi="0" ci="3" mb="0" cb="0"/><line nr="189" mi="0" ci="6" mb="0" cb="0"/><line nr="190" mi="0" ci="1" mb="0" cb="0"/><line nr="195" mi="0" ci="11" mb="0" cb="0"/><line nr="198" mi="0" ci="4" mb="0" cb="0"/><line nr="199" mi="0" ci="6" mb="0" cb="0"/><line nr="200" mi="0" ci="3" mb="0" cb="0"/><line nr="201" mi="0" ci="6" mb="0" cb="0"/><line nr="202" mi="0" ci="1" mb="0" cb="0"/><line nr="204" mi="0" ci="11" mb="0" cb="0"/><line nr="207" mi="0" ci="6" mb="0" cb="0"/><line nr="208" mi="0" ci="3" mb="0" cb="0"/><line nr="209" mi="0" ci="6" mb="0" cb="0"/><line nr="210" mi="0" ci="1" mb="0" cb="0"/><line nr="212" mi="0" ci="10" mb="0" cb="0"/><line nr="215" mi="0" ci="1" mb="0" cb="0"/><line nr="219" mi="0" ci="6" mb="0" cb="0"/><counter type="INSTRUCTION" missed="34" covered="163"/><counter type="BRANCH" missed="1" covered="5"/><counter type="LINE" missed="8" covered="33"/><counter type="COMPLEXITY" missed="5" covered="11"/><counter type="METHOD" missed="4" covered="9"/><counter type="CLASS" missed="0" covered="4"/></sourcefile><counter type="INSTRUCTION" missed="40" covered="240"/><counter type="BRANCH" missed="1" covered="5"/><counter type="LINE" missed="10" covered="55"/><counter type="COMPLEXITY" missed="6" covered="21"/><counter type="METHOD" missed="5" covered="19"/><counter type="CLASS" missed="0" covered="5"/></package><counter type="INSTRUCTION" missed="40" covered="240"/><counter type="BRANCH" missed="1" covered="5"/><counter type="LINE" missed="10" covered="55"/><counter type="COMPLEXITY" missed="6" covered="21"/><counter type="METHOD" missed="5" covered="19"/><counter type="CLASS" missed="0" covered="5"/></report>